#ifdef USE_PRINT_DEBUG
	printf("***************tail add successed,node number :%d\r\n",s_sll ->p_param ->used_node_num );
	#endif
	
#ifdef USE_PRINT_DEBUG
		printf("***************tail remove successed,node number :%d\r\n",s_sll ->p_param ->used_node_num );
		#endif
#ifdef USE_PRINT_DEBUG
	printf("***************tail remove already done\r\n" );
	#endif
#ifdef USE_PRINT_DEBUG
	printf("***************head add successed,node used :%d , information : %d \r\n",s_sll ->p_param ->used_node_num ,infor_number);
	#endif
	
if(s_sll ->onDebug != X_Null)
	{
		uint16_t infor_num = s_sll->p_inf_buf[s_sll ->p_param ->first_node_address].information_number;
	}

	#endif
#ifdef USE_PRINT_DEBUG
		printf("***************head remove successed,node used :%d ; infor_num :%d\r\n",s_sll ->p_param ->used_node_num ,infor_num);
		#endif
#ifdef USE_PRINT_DEBUG
	printf("***************head remove already done\r\n" );
	#endif
	
#ifdef USE_PRINT_DEBUG
		printf("first insert : head add\r\n");
		#endif
		
#ifdef USE_PRINT_DEBUG
		printf("insert : tail add\r\n");
		#endif
		
printf("insert : right addr get :right_addr %d ; ValidNodeNumber %d\r\n",right_addr ,s_sll ->ValidNodeNumber);

#ifdef USE_PRINT_DEBUG
		printf("***************insert successed,node used :%d ; infor_number %d\r\n",s_sll ->p_param ->used_node_num ,infor_number);
		#endif
		
#ifdef USE_PRINT_DEBUG
	printf("***************pull away successed,node used :%d\r\n",s_sll ->p_param ->used_node_num );
	#endif
	
	
	
printf("insert first element :head add\r\n");

printf("insert full,only replace can be done \r\n");
		printf("insert element \r\n");
printf(" node_count %d node_number : %d ; priority : %d \r\n",node_count,node_number,p_data ->priority);
printf("mSingleListInsert failed %d\r\n",error_code);
printf("mSingleListUpdataValueByNodeNumber failed \r\n");