23:22:52 **** Incremental Build of configuration Debug for project [T]LogicLab ****
Info: Internal Builder is used for build
gcc "-ID:\\AllApplication\\GitAll\\EclipseCode\\[T]LogicLab\\ScriptsCommandModule" -O0 -g3 -Wall -c -fmessage-length=0 -o "TB_TinyDancer\\DongleTask\\TB\\BleConnectConditionTB.o" "..\\TB_TinyDancer\\DongleTask\\TB\\BleConnectConditionTB.c" 
gcc "-ID:\\AllApplication\\GitAll\\EclipseCode\\[T]LogicLab\\ScriptsCommandModule" -O0 -g3 -Wall -c -fmessage-length=0 -o "TB_TinyDancer\\DongleTask\\DongleTask.o" "..\\TB_TinyDancer\\DongleTask\\DongleTask.c" 
gcc "-ID:\\AllApplication\\GitAll\\EclipseCode\\[T]LogicLab\\ScriptsCommandModule" -O0 -g3 -Wall -c -fmessage-length=0 -o "TB_TinyDancer\\DongleTask\\TB\\UsbFeatureTB.o" "..\\TB_TinyDancer\\DongleTask\\TB\\UsbFeatureTB.c" 
gcc "-ID:\\AllApplication\\GitAll\\EclipseCode\\[T]LogicLab\\ScriptsCommandModule" -O0 -g3 -Wall -c -fmessage-length=0 -o "TB_TinyDancer\\DongleTask\\TB\\NotifyEventTB.o" "..\\TB_TinyDancer\\DongleTask\\TB\\NotifyEventTB.c" 
gcc "-ID:\\AllApplication\\GitAll\\EclipseCode\\[T]LogicLab\\ScriptsCommandModule" -O0 -g3 -Wall -c -fmessage-length=0 -o "TB_TinyDancer\\DongleTask\\DataFlow.o" "..\\TB_TinyDancer\\DongleTask\\DataFlow.c" 
..\TB_TinyDancer\DongleTask\DataFlow.c:23:16: warning: 'battery_buf' defined but not used [-Wunused-variable]
 static uint8_t battery_buf[BUF_NUM_DEFAULT][CHAR_BATTERY_LENGTH+1];
                ^~~~~~~~~~~
..\TB_TinyDancer\DongleTask\DataFlow.c:22:16: warning: 'pentype_buf' defined but not used [-Wunused-variable]
 static uint8_t pentype_buf[BUF_NUM_DEFAULT][CHAR_PENTYPE_LENGTH+1];
                ^~~~~~~~~~~
..\TB_TinyDancer\DongleTask\DataFlow.c:21:16: warning: 'color_buf' defined but not used [-Wunused-variable]
 static uint8_t color_buf[BUF_NUM_DEFAULT][CHAR_COLOR_LENGTH+1];
                ^~~~~~~~~
..\TB_TinyDancer\DongleTask\DataFlow.c:19:16: warning: 'pentip_buf' defined but not used [-Wunused-variable]
 static uint8_t pentip_buf[BUF_NUM_DEFAULT][CHAR_PENTIP_LENGTH+1];
                ^~~~~~~~~~
..\TB_TinyDancer\DongleTask\DataFlow.c:18:16: warning: 'key_buf' defined but not used [-Wunused-variable]
 static uint8_t key_buf[BUF_NUM_DEFAULT][CHAR_KEY_LENGTH+1];
                ^~~~~~~
..\TB_TinyDancer\DongleTask\DataFlow.c:16:16: warning: 'set_buf' defined but not used [-Wunused-variable]
 static uint8_t set_buf[BUF_NUM_DEFAULT][MAX_DATA_LENGTH+1];
                ^~~~~~~
..\TB_TinyDancer\DongleTask\DataFlow.c:15:16: warning: 'get_buf' defined but not used [-Wunused-variable]
 static uint8_t get_buf[BUF_NUM_DEFAULT][MAX_DATA_LENGTH+1];
                ^~~~~~~
gcc "-ID:\\AllApplication\\GitAll\\EclipseCode\\[T]LogicLab\\ScriptsCommandModule" -O0 -g3 -Wall -c -fmessage-length=0 -o "TB_TinyDancer\\DongleTask\\TB\\DongleTaskTB.o" "..\\TB_TinyDancer\\DongleTask\\TB\\DongleTaskTB.c" 
gcc "-ID:\\AllApplication\\GitAll\\EclipseCode\\[T]LogicLab\\ScriptsCommandModule" -O0 -g3 -Wall -c -fmessage-length=0 -o "TB_TinyDancer\\DongleTask\\TB\\UserEventTB.o" "..\\TB_TinyDancer\\DongleTask\\TB\\UserEventTB.c" 
gcc -o [T]LogicLab.exe "CommonSource\\AppError.o" "CommonSource\\CharStringDebug\\CharStringDebugModule.o" "CommonSource\\FileOperation\\command.o" "CommonSource\\FileOperation\\read_scripts.o" "CommonSource\\IrqAndTimer\\TimeManagerExtern.o" "CommonSource\\IrqAndTimer\\app_timer.o" "CommonSource\\IrqAndTimer\\user_irq.o" "CommonSource\\LogFile\\user_log.o" "CommonSource\\Math\\bit_operation.o" "CommonSource\\Math\\lcm_gcd.o" "CommonSource\\Math\\random_number.o" "CommonSource\\MulLoopQueue\\mul_loop_queues.o" "CommonSource\\StateMachine\\StateMachine.o" "ScriptsCommandModule\\HexCommand.o" "TB_TinyDancer\\DongleTask\\DataFlow.o" "TB_TinyDancer\\DongleTask\\DongleTask.o" "TB_TinyDancer\\DongleTask\\TB\\BleConnectConditionTB.o" "TB_TinyDancer\\DongleTask\\TB\\DongleTaskTB.o" "TB_TinyDancer\\DongleTask\\TB\\NotifyEventTB.o" "TB_TinyDancer\\DongleTask\\TB\\UsbFeatureTB.o" "TB_TinyDancer\\DongleTask\\TB\\UserEventTB.o" "TB_TinyDancer\\UsartCommunication\\UsartCommunication.o" main.o user_timer.o 
